{"/Users/jameslynch/Git-Projects/Jims-Codestar-Enterprise-Pipeline-Starwars-Nodejs-Lambda-Microservice/app.js":{"path":"/Users/jameslynch/Git-Projects/Jims-Codestar-Enterprise-Pipeline-Starwars-Nodejs-Lambda-Microservice/app.js","s":{"1":1,"2":1,"3":1,"4":1,"5":1,"6":1,"7":1,"8":1,"9":1,"10":0,"11":1,"12":0,"13":1,"14":1,"15":0,"16":1,"17":1,"18":1},"b":{"1":[0,1],"2":[0,1]},"f":{"1":1},"fnMap":{"1":{"name":"(anonymous_1)","line":16,"loc":{"start":{"line":16,"column":17},"end":{"line":16,"column":37}}}},"statementMap":{"1":{"start":{"line":9,"column":0},"end":{"line":9,"column":35}},"2":{"start":{"line":10,"column":0},"end":{"line":10,"column":22}},"3":{"start":{"line":11,"column":0},"end":{"line":11,"column":83}},"4":{"start":{"line":12,"column":0},"end":{"line":12,"column":63}},"5":{"start":{"line":13,"column":0},"end":{"line":13,"column":54}},"6":{"start":{"line":14,"column":0},"end":{"line":14,"column":48}},"7":{"start":{"line":16,"column":0},"end":{"line":39,"column":2}},"8":{"start":{"line":18,"column":2},"end":{"line":18,"column":24}},"9":{"start":{"line":20,"column":2},"end":{"line":22,"column":3}},"10":{"start":{"line":21,"column":4},"end":{"line":21,"column":72}},"11":{"start":{"line":24,"column":2},"end":{"line":26,"column":3}},"12":{"start":{"line":25,"column":4},"end":{"line":25,"column":61}},"13":{"start":{"line":28,"column":2},"end":{"line":31,"column":5}},"14":{"start":{"line":33,"column":2},"end":{"line":37,"column":5}},"15":{"start":{"line":34,"column":4},"end":{"line":34,"column":28}},"16":{"start":{"line":36,"column":4},"end":{"line":36,"column":18}},"17":{"start":{"line":41,"column":0},"end":{"line":41,"column":29}},"18":{"start":{"line":44,"column":0},"end":{"line":44,"column":21}}},"branchMap":{"1":{"line":20,"type":"if","locations":[{"start":{"line":20,"column":2},"end":{"line":20,"column":2}},{"start":{"line":20,"column":2},"end":{"line":20,"column":2}}]},"2":{"line":24,"type":"if","locations":[{"start":{"line":24,"column":2},"end":{"line":24,"column":2}},{"start":{"line":24,"column":2},"end":{"line":24,"column":2}}]}}},"/Users/jameslynch/Git-Projects/Jims-Codestar-Enterprise-Pipeline-Starwars-Nodejs-Lambda-Microservice/src/star-wars-functions.js":{"path":"/Users/jameslynch/Git-Projects/Jims-Codestar-Enterprise-Pipeline-Starwars-Nodejs-Lambda-Microservice/src/star-wars-functions.js","s":{"1":1,"2":1,"3":1,"4":1,"5":1,"6":1,"7":1,"8":0,"9":0,"10":1,"11":0,"12":0,"13":1,"14":1},"b":{"1":[1,0],"2":[0,0],"3":[0,0]},"f":{"1":1,"2":1,"3":0,"4":1},"fnMap":{"1":{"name":"(anonymous_1)","line":7,"loc":{"start":{"line":7,"column":13},"end":{"line":7,"column":16}}},"2":{"name":"(anonymous_2)","line":29,"loc":{"start":{"line":29,"column":18},"end":{"line":29,"column":27}}},"3":{"name":"(anonymous_3)","line":41,"loc":{"start":{"line":41,"column":14},"end":{"line":41,"column":34}}},"4":{"name":"(anonymous_4)","line":48,"loc":{"start":{"line":48,"column":15},"end":{"line":48,"column":32}}}},"statementMap":{"1":{"start":{"line":3,"column":0},"end":{"line":3,"column":31}},"2":{"start":{"line":4,"column":0},"end":{"line":4,"column":96}},"3":{"start":{"line":8,"column":4},"end":{"line":8,"column":23}},"4":{"start":{"line":30,"column":4},"end":{"line":51,"column":6}},"5":{"start":{"line":32,"column":6},"end":{"line":32,"column":41}},"6":{"start":{"line":34,"column":6},"end":{"line":38,"column":7}},"7":{"start":{"line":35,"column":8},"end":{"line":35,"column":29}},"8":{"start":{"line":36,"column":13},"end":{"line":38,"column":7}},"9":{"start":{"line":37,"column":8},"end":{"line":37,"column":29}},"10":{"start":{"line":40,"column":6},"end":{"line":50,"column":11}},"11":{"start":{"line":42,"column":10},"end":{"line":45,"column":11}},"12":{"start":{"line":46,"column":10},"end":{"line":46,"column":33}},"13":{"start":{"line":49,"column":10},"end":{"line":49,"column":24}},"14":{"start":{"line":56,"column":0},"end":{"line":56,"column":35}}},"branchMap":{"1":{"line":34,"type":"if","locations":[{"start":{"line":34,"column":6},"end":{"line":34,"column":6}},{"start":{"line":34,"column":6},"end":{"line":34,"column":6}}]},"2":{"line":36,"type":"if","locations":[{"start":{"line":36,"column":13},"end":{"line":36,"column":13}},{"start":{"line":36,"column":13},"end":{"line":36,"column":13}}]},"3":{"line":36,"type":"binary-expr","locations":[{"start":{"line":36,"column":17},"end":{"line":36,"column":30}},{"start":{"line":36,"column":34},"end":{"line":36,"column":48}}]}}}}