TN:
SF:/Users/jameslynch/Git-Projects/Jims-Codestar-Enterprise-Pipeline-Starwars-Nodejs-Lambda-Microservice/app.js
FN:16,(anonymous_1)
FNF:1
FNH:1
FNDA:4,(anonymous_1)
DA:9,1
DA:10,1
DA:11,1
DA:12,1
DA:13,1
DA:14,1
DA:16,1
DA:18,4
DA:20,4
DA:21,2
DA:24,4
DA:25,1
DA:28,4
DA:33,4
DA:34,3
DA:36,1
DA:41,1
DA:44,1
LF:18
LH:18
BRDA:20,1,0,2
BRDA:20,1,1,2
BRDA:24,2,0,1
BRDA:24,2,1,3
BRF:4
BRH:4
end_of_record
TN:
SF:/Users/jameslynch/Git-Projects/Jims-Codestar-Enterprise-Pipeline-Starwars-Nodejs-Lambda-Microservice/src/star-wars-functions.js
FN:13,(anonymous_1)
FN:36,(anonymous_2)
FN:48,(anonymous_3)
FN:56,(anonymous_4)
FNF:4
FNH:4
FNDA:10,(anonymous_1)
FNDA:9,(anonymous_2)
FNDA:3,(anonymous_3)
FNDA:6,(anonymous_4)
DA:9,1
DA:10,1
DA:14,10
DA:37,9
DA:39,9
DA:41,9
DA:42,4
DA:43,5
DA:44,3
DA:47,9
DA:49,3
DA:54,3
DA:57,6
DA:64,1
LF:14
LH:14
BRDA:41,1,0,4
BRDA:41,1,1,5
BRDA:43,2,0,3
BRDA:43,2,1,2
BRDA:43,3,0,5
BRDA:43,3,1,4
BRF:6
BRH:6
end_of_record
