TN:
SF:/Users/jameslynch/Git-Projects/Jims-Codestar-Enterprise-Pipeline-Starwars-Nodejs-Lambda-Microservice/app.js
FN:16,(anonymous_1)
FNF:1
FNH:1
FNDA:1,(anonymous_1)
DA:9,1
DA:10,1
DA:11,1
DA:12,1
DA:13,1
DA:14,1
DA:16,1
DA:18,1
DA:20,1
DA:21,0
DA:24,1
DA:25,0
DA:28,1
DA:33,1
DA:34,0
DA:36,1
DA:41,1
DA:44,1
LF:18
LH:15
BRDA:20,1,0,0
BRDA:20,1,1,1
BRDA:24,2,0,0
BRDA:24,2,1,1
BRF:4
BRH:2
end_of_record
TN:
SF:/Users/jameslynch/Git-Projects/Jims-Codestar-Enterprise-Pipeline-Starwars-Nodejs-Lambda-Microservice/src/star-wars-functions.js
FN:7,(anonymous_1)
FN:29,(anonymous_2)
FN:41,(anonymous_3)
FN:48,(anonymous_4)
FNF:4
FNH:3
FNDA:1,(anonymous_1)
FNDA:1,(anonymous_2)
FNDA:0,(anonymous_3)
FNDA:1,(anonymous_4)
DA:3,1
DA:4,1
DA:8,1
DA:30,1
DA:32,1
DA:34,1
DA:35,1
DA:36,0
DA:37,0
DA:40,1
DA:42,0
DA:46,0
DA:49,1
DA:56,1
LF:14
LH:10
BRDA:34,1,0,1
BRDA:34,1,1,0
BRDA:36,2,0,0
BRDA:36,2,1,0
BRDA:36,3,0,0
BRDA:36,3,1,0
BRF:6
BRH:1
end_of_record
